<?xml version="1.0" encoding="UTF-8" ?>
<testsuites>
<testsuite name="Validate Registration and Login functionality" errors="0" tests="3" failures="0" time="0.176" timestamp="2021-11-18T21:35:52">
  <testcase classname="Validate Registration and Login functionality" name="register new user" time="0.064"></testcase>
  <testcase classname="Validate Registration and Login functionality" name="login user" time="0.048"></testcase>
  <testcase classname="Validate Registration and Login functionality" name="logout" time="0.064"></testcase>
</testsuite>
</testsuites>